============================= test session starts ==============================
platform linux -- Python 3.12.12, pytest-9.0.1, pluggy-1.6.0
rootdir: /app
plugins: playwright-0.7.2, base-url-2.1.0
collected 1 item

verification/test_journey_engine_room.py F                               [100%]

=================================== FAILURES ===================================
______________________ test_engine_room_journey[chromium] ______________________

page = <Page url='http://localhost:5173/read/dde73b43-12b9-4618-bc94-67e7bfbd3d6e'>

    def test_engine_room_journey(page: Page):
        print("Starting Engine Room Journey...")
        utils.reset_app(page)

        # 1. Test from Library
        print("Testing from Library...")
        page.goto("http://localhost:5173") # Ensure at root
        # Wait for library to load
        expect(page.get_by_text("My Library")).to_be_visible(timeout=5000)

        settings_btn = page.get_by_test_id("header-settings-button")
        expect(settings_btn).to_be_visible()
        settings_btn.click()

        # Verify Dialog Open
        expect(page.get_by_role("dialog")).to_be_visible()
        # Check sidebar header
        expect(page.get_by_role("heading", name="Settings", exact=True)).to_be_visible()

        # Verify Tabs exist
        expect(page.get_by_role("button", name="General")).to_be_visible()
        expect(page.get_by_role("button", name="TTS Engine")).to_be_visible()
        expect(page.get_by_role("button", name="Dictionary")).to_be_visible()

        # Check General Tab Content (default)
        expect(page.get_by_text("Gesture Mode")).to_be_visible()

        # Switch to TTS
        page.get_by_role("button", name="TTS Engine").click()
        expect(page.get_by_text("Provider Configuration")).to_be_visible()
        expect(page.get_by_text("Active Provider")).to_be_visible()

        # Close Dialog (Radix Dialog Close button usually has sr-only text "Close")
        page.get_by_role("button", name="Close").click()
        expect(page.get_by_role("dialog")).not_to_be_visible()

        # 2. Test from Reader
        print("Testing from Reader...")
        utils.ensure_library_with_book(page)
        page.locator('[data-testid="book-card"]').click()
        expect(page).to_have_url(re.compile(r".*/read/.*"))
        page.wait_for_timeout(2000)

        # Click Settings (Gear)
        reader_settings_btn = page.get_by_test_id("reader-settings-button")
>       reader_settings_btn.click()

verification/test_journey_engine_room.py:51:
_ _ _ _ _ _ _ _ _ _ _ _ _ _ _ _ _ _ _ _ _ _ _ _ _ _ _ _ _ _ _ _ _ _ _ _ _ _ _ _
/home/jules/.pyenv/versions/3.12.12/lib/python3.12/site-packages/playwright/sync_api/_generated.py:15543: in click
    self._sync(
/home/jules/.pyenv/versions/3.12.12/lib/python3.12/site-packages/playwright/_impl/_locator.py:160: in click
    return await self._frame.click(self._selector, strict=True, **params)
           ^^^^^^^^^^^^^^^^^^^^^^^^^^^^^^^^^^^^^^^^^^^^^^^^^^^^^^^^^^^^^^
/home/jules/.pyenv/versions/3.12.12/lib/python3.12/site-packages/playwright/_impl/_frame.py:549: in click
    await self._channel.send("click", self._timeout, locals_to_params(locals()))
/home/jules/.pyenv/versions/3.12.12/lib/python3.12/site-packages/playwright/_impl/_connection.py:69: in send
    return await self._connection.wrap_api_call(
_ _ _ _ _ _ _ _ _ _ _ _ _ _ _ _ _ _ _ _ _ _ _ _ _ _ _ _ _ _ _ _ _ _ _ _ _ _ _ _

self = <playwright._impl._connection.Connection object at 0x7fbead5dacf0>
cb = <function Channel.send.<locals>.<lambda> at 0x7fbead0b7ec0>
is_internal = False, title = None

    async def wrap_api_call(
        self, cb: Callable[[], Any], is_internal: bool = False, title: str = None
    ) -> Any:
        if self._api_zone.get():
            return await cb()
        task = asyncio.current_task(self._loop)
        st: List[inspect.FrameInfo] = getattr(
            task, "__pw_stack__", None
        ) or inspect.stack(0)

        parsed_st = _extract_stack_trace_information_from_stack(st, is_internal, title)
        self._api_zone.set(parsed_st)
        try:
            return await cb()
        except Exception as error:
>           raise rewrite_error(error, f"{parsed_st['apiName']}: {error}") from None
E           playwright._impl._errors.TimeoutError: Locator.click: Timeout 2000ms exceeded.
E           Call log:
E             - waiting for get_by_test_id("reader-settings-button")

/home/jules/.pyenv/versions/3.12.12/lib/python3.12/site-packages/playwright/_impl/_connection.py:558: TimeoutError
----------------------------- Captured stdout call -----------------------------
Starting Engine Room Journey...
PAGE LOG: [vite] connecting...
PAGE LOG: [vite] connected.
PAGE LOG: %cDownload the React DevTools for a better development experience: https://reactjs.org/link/react-devtools font-weight:bold
Testing from Library...
PAGE LOG: ⚠️ React Router Future Flag Warning: React Router will begin wrapping state updates in `React.startTransition` in v7. You can use the `v7_startTransition` future flag to opt-in early. For more information, see https://reactrouter.com/v6/upgrading/future#v7_starttransition.
PAGE LOG: ⚠️ React Router Future Flag Warning: Relative route resolution within Splat routes is changing in v7. You can use the `v7_relativeSplatPath` future flag to opt-in early. For more information, see https://reactrouter.com/v6/upgrading/future#v7_relativesplatpath.
PAGE LOG: [vite] connecting...
PAGE LOG: [vite] connected.
PAGE LOG: %cDownload the React DevTools for a better development experience: https://reactjs.org/link/react-devtools font-weight:bold
PAGE LOG: ⚠️ React Router Future Flag Warning: React Router will begin wrapping state updates in `React.startTransition` in v7. You can use the `v7_startTransition` future flag to opt-in early. For more information, see https://reactrouter.com/v6/upgrading/future#v7_starttransition.
PAGE LOG: ⚠️ React Router Future Flag Warning: Relative route resolution within Splat routes is changing in v7. You can use the `v7_relativeSplatPath` future flag to opt-in early. For more information, see https://reactrouter.com/v6/upgrading/future#v7_relativesplatpath.
PAGE LOG: `DialogContent` requires a `DialogTitle` for the component to be accessible for screen reader users.

If you want to hide the `DialogTitle`, you can wrap it with our VisuallyHidden component.

For more information, see https://radix-ui.com/primitives/docs/components/dialog
PAGE LOG: Warning: Missing `Description` or `aria-describedby={undefined}` for {DialogContent}.
PAGE LOG: `DialogContent` requires a `DialogTitle` for the component to be accessible for screen reader users.

If you want to hide the `DialogTitle`, you can wrap it with our VisuallyHidden component.

For more information, see https://radix-ui.com/primitives/docs/components/dialog
PAGE LOG: Warning: Missing `Description` or `aria-describedby={undefined}` for {DialogContent}.
Testing from Reader...
PAGE ERROR: useUIStore is not defined
PAGE ERROR: useUIStore is not defined
PAGE LOG: The above error occurred in the <ReaderView> component:

    at ReaderView (http://localhost:5173/src/components/reader/ReaderView.tsx?t=1764515899116:40:18)
    at RenderedRoute (http://localhost:5173/node_modules/.vite/deps/react-router-dom.js?v=68d9ae90:4108:5)
    at Routes (http://localhost:5173/node_modules/.vite/deps/react-router-dom.js?v=68d9ae90:4578:5)
    at div
    at Router (http://localhost:5173/node_modules/.vite/deps/react-router-dom.js?v=68d9ae90:4521:15)
    at BrowserRouter (http://localhost:5173/node_modules/.vite/deps/react-router-dom.js?v=68d9ae90:5267:5)
    at App

Consider adding an error boundary to your tree to customize error handling behavior.
Visit https://reactjs.org/link/error-boundaries to learn more about error boundaries.
PAGE ERROR: useUIStore is not defined
=========================== short test summary info ============================
FAILED verification/test_journey_engine_room.py::test_engine_room_journey[chromium]
============================== 1 failed in 12.19s ==============================
