============================= test session starts ==============================
platform linux -- Python 3.12.12, pytest-9.0.2, pluggy-1.6.0 -- /home/jules/.pyenv/versions/3.12.12/bin/python
cachedir: .pytest_cache
rootdir: /app
plugins: playwright-0.7.2, base-url-2.1.0
collecting ... collected 2 items

verification/test_journey_search.py::test_search_journey[desktop-chromium] PASSED [  2%]
verification/test_iframe_height.py::test_iframe_height[desktop-chromium] PASSED [  3%]
verification/test_journey_annotations.py::test_journey_annotations[desktop-chromium] PASSED [ 50%]
verification/test_journey_search.py::test_search_journey[mobile-chromium] PASSED [100%]

============================== 2 passed in 8.16s ===============================
PASSED [  3%]
verification/test_journey_aria_labels.py::test_aria_labels[desktop-chromium] PASSED [  4%]
verification/test_journey_audio_deck.py::test_audio_deck_journey[desktop-chromium] PASSED [  5%]
verification/test_journey_audio_hud.py::test_audio_hud_interaction[desktop-chromium] PASSED [  5%]
verification/test_journey_backup.py::test_journey_backup_restore[desktop-chromium] PASSED [  6%]
verification/test_journey_backup.py::test_journey_full_backup_restore[desktop-chromium] PASSED [  7%]
verification/test_journey_demo_book.py::test_demo_book_journey[desktop-chromium] PASSED [  7%]
verification/test_journey_drag_drop.py::test_drag_drop_import[desktop-chromium] PASSED [  8%]
verification/test_journey_engine_room.py::test_engine_room_journey[desktop-chromium] PASSED [  9%]
verification/test_journey_flow_mode.py::test_journey_flow_mode[desktop-chromium] FAILED [  9%]
verification/test_journey_highlight_play.py::test_journey_highlight_play[desktop-chromium] PASSED [ 10%]
verification/test_journey_history.py::test_reading_history_journey[desktop-chromium] PASSED [ 11%]
verification/test_journey_immersive_mode.py::test_immersive_mode[desktop-chromium] PASSED [ 11%]
verification/test_journey_import_error.py::test_import_error[desktop-chromium] PASSED [ 12%]
verification/test_journey_lexicon.py::test_journey_lexicon[desktop-chromium] PASSED [ 13%]
verification/test_journey_lexicon_csv.py::test_journey_lexicon_csv[desktop-chromium] PASSED [ 13%]
verification/test_journey_library.py::test_library_journey[desktop-chromium] PASSED [ 14%]
verification/test_journey_library_grid.py::test_library_grid_view[desktop-chromium] PASSED [ 15%]
verification/test_journey_list_view.py::test_journey_list_view[desktop-chromium] PASSED [ 15%]
verification/test_journey_long_read.py::test_long_reading_journey[desktop-chromium] PASSED [ 16%]
verification/test_journey_preroll.py::test_preroll_journey[desktop-chromium] PASSED [ 17%]
verification/test_journey_progress_bar.py::test_verify_progress_bar[desktop-chromium] PASSED [ 17%]
verification/test_journey_reading.py::test_reading_journey[desktop-chromium] PASSED [ 18%]
verification/test_journey_reading_list.py::test_reading_list_journey[desktop-chromium] PASSED [ 19%]
verification/test_journey_responsive.py::test_journey_responsive_library[desktop-chromium-mobile_small-320-568] PASSED [ 19%]
verification/test_journey_responsive.py::test_journey_responsive_reader[desktop-chromium-mobile_small-320-568] PASSED [ 20%]
verification/test_journey_search.py::test_search_journey[desktop-chromium] PASSED [ 21%]
verification/test_journey_search_position.py::test_search_button_position[desktop-chromium] PASSED [ 21%]
verification/test_journey_settings_persistence.py::test_settings_persistence[desktop-chromium] PASSED [ 22%]
verification/test_journey_smart_delete.py::test_smart_delete_journey[desktop-chromium] PASSED [ 23%]
verification/test_journey_smart_delete.py::test_delete_book_completely[desktop-chromium] PASSED [ 23%]
verification/test_journey_smart_toc.py::test_journey_smart_toc[desktop-chromium] PASSED [ 24%]
verification/test_journey_smart_toc_failure.py::test_journey_smart_toc_failure[desktop-chromium] PASSED [ 25%]
verification/test_journey_theme_persistence.py::test_theme_persistence[desktop-chromium] PASSED [ 25%]
verification/test_journey_tts_persistence.py::test_journey_tts_persistence_v3[desktop-chromium]