#0 building with "default" instance using docker driver

#1 [internal] load build definition from Dockerfile.verification
#1 transferring dockerfile: 1.11kB 0.0s done
#1 DONE 0.0s

#2 resolve image config for docker-image://docker.io/docker/dockerfile:1
#2 DONE 1.0s

#3 docker-image://docker.io/docker/dockerfile:1@sha256:b6afd42430b15f2d2a4c5a02b919e98a525b785b1aaff16747d2f623364e39b6
#3 resolve docker.io/docker/dockerfile:1@sha256:b6afd42430b15f2d2a4c5a02b919e98a525b785b1aaff16747d2f623364e39b6 done
#3 sha256:b6afd42430b15f2d2a4c5a02b919e98a525b785b1aaff16747d2f623364e39b6 8.40kB / 8.40kB done
#3 sha256:62b0eac4b38b65f257ba2525a1bc87978b5e339d6133b5daef1bde40fe7aa10f 850B / 850B done
#3 sha256:6742480c08d7878bbb82a5f5b55d7cb17c5dea60d2068cb2bd37994f3a5c680e 1.33kB / 1.33kB done
#3 sha256:77246a01651da592b7bae79e0e20ed3b4f2e4c00a1b54b7c921c91ae3fa9ef07 0B / 13.57MB 0.1s
#3 sha256:77246a01651da592b7bae79e0e20ed3b4f2e4c00a1b54b7c921c91ae3fa9ef07 11.53MB / 13.57MB 0.3s
#3 sha256:77246a01651da592b7bae79e0e20ed3b4f2e4c00a1b54b7c921c91ae3fa9ef07 13.57MB / 13.57MB 0.4s
#3 sha256:77246a01651da592b7bae79e0e20ed3b4f2e4c00a1b54b7c921c91ae3fa9ef07 13.57MB / 13.57MB 0.4s done
#3 extracting sha256:77246a01651da592b7bae79e0e20ed3b4f2e4c00a1b54b7c921c91ae3fa9ef07
#3 extracting sha256:77246a01651da592b7bae79e0e20ed3b4f2e4c00a1b54b7c921c91ae3fa9ef07 0.5s done
#3 DONE 1.1s

#4 [internal] load metadata for mcr.microsoft.com/playwright/python:v1.48.0-jammy
#4 DONE 0.4s

#5 [internal] load .dockerignore
#5 transferring context: 98B done
#5 DONE 0.0s

#6 [ 1/12] FROM mcr.microsoft.com/playwright/python:v1.48.0-jammy@sha256:6bbd515848db4042068571135979b6ee6d330a794b28e037e3a6ccd7f2abfa26
#6 resolve mcr.microsoft.com/playwright/python:v1.48.0-jammy@sha256:6bbd515848db4042068571135979b6ee6d330a794b28e037e3a6ccd7f2abfa26 done
#6 sha256:6bbd515848db4042068571135979b6ee6d330a794b28e037e3a6ccd7f2abfa26 743B / 743B done
#6 sha256:b4bedaaee2a9d1ca83dc30ec8cae65105151dbe7ba41be0154cee6a6a7cdc669 1.17kB / 1.17kB done
#6 sha256:db0a68342e4cb3a660ee02fd12c8e672a77927620647072ac045f6972662f824 4.18kB / 4.18kB done
#6 sha256:7478e0ac0f23f94b2f27848fbcdf804a670fbf8d4bab26df842d40a10cd33059 0B / 30.44MB 0.1s
#6 sha256:c148946d84752e19a1dc1575d304b403ca8bfb5cb0d230d5cbb6e4492ea68d5b 0B / 43.38MB 0.1s
#6 sha256:95e2718619a9cdadbf6a0a16111c5e51d30c039f93494732adc43f88653004b0 0B / 75.50MB 0.1s
#6 sha256:c148946d84752e19a1dc1575d304b403ca8bfb5cb0d230d5cbb6e4492ea68d5b 5.24MB / 43.38MB 0.4s
#6 sha256:7478e0ac0f23f94b2f27848fbcdf804a670fbf8d4bab26df842d40a10cd33059 6.29MB / 30.44MB 0.6s
#6 sha256:c148946d84752e19a1dc1575d304b403ca8bfb5cb0d230d5cbb6e4492ea68d5b 12.06MB / 43.38MB 0.6s
#6 sha256:95e2718619a9cdadbf6a0a16111c5e51d30c039f93494732adc43f88653004b0 5.24MB / 75.50MB 0.6s
#6 sha256:7478e0ac0f23f94b2f27848fbcdf804a670fbf8d4bab26df842d40a10cd33059 12.59MB / 30.44MB 0.8s
#6 sha256:c148946d84752e19a1dc1575d304b403ca8bfb5cb0d230d5cbb6e4492ea68d5b 18.87MB / 43.38MB 0.8s
#6 sha256:95e2718619a9cdadbf6a0a16111c5e51d30c039f93494732adc43f88653004b0 11.54MB / 75.50MB 0.8s
#6 sha256:7478e0ac0f23f94b2f27848fbcdf804a670fbf8d4bab26df842d40a10cd33059 14.19MB / 30.44MB 0.9s
#6 sha256:7478e0ac0f23f94b2f27848fbcdf804a670fbf8d4bab26df842d40a10cd33059 18.20MB / 30.44MB 1.0s
#6 sha256:c148946d84752e19a1dc1575d304b403ca8bfb5cb0d230d5cbb6e4492ea68d5b 23.07MB / 43.38MB 1.0s
#6 sha256:95e2718619a9cdadbf6a0a16111c5e51d30c039f93494732adc43f88653004b0 16.66MB / 75.50MB 1.0s
#6 sha256:7478e0ac0f23f94b2f27848fbcdf804a670fbf8d4bab26df842d40a10cd33059 21.76MB / 30.44MB 1.1s
#6 sha256:c148946d84752e19a1dc1575d304b403ca8bfb5cb0d230d5cbb6e4492ea68d5b 26.21MB / 43.38MB 1.1s
#6 ...

#7 [internal] load build context
#7 transferring context: 29.36MB 1.2s done
#7 DONE 1.2s

#6 [ 1/12] FROM mcr.microsoft.com/playwright/python:v1.48.0-jammy@sha256:6bbd515848db4042068571135979b6ee6d330a794b28e037e3a6ccd7f2abfa26
#6 sha256:7478e0ac0f23f94b2f27848fbcdf804a670fbf8d4bab26df842d40a10cd33059 27.58MB / 30.44MB 1.3s
#6 sha256:c148946d84752e19a1dc1575d304b403ca8bfb5cb0d230d5cbb6e4492ea68d5b 31.79MB / 43.38MB 1.3s
#6 sha256:95e2718619a9cdadbf6a0a16111c5e51d30c039f93494732adc43f88653004b0 25.47MB / 75.50MB 1.3s
#6 sha256:7478e0ac0f23f94b2f27848fbcdf804a670fbf8d4bab26df842d40a10cd33059 30.44MB / 30.44MB 1.5s
#6 sha256:c148946d84752e19a1dc1575d304b403ca8bfb5cb0d230d5cbb6e4492ea68d5b 35.65MB / 43.38MB 1.5s
#6 sha256:95e2718619a9cdadbf6a0a16111c5e51d30c039f93494732adc43f88653004b0 29.36MB / 75.50MB 1.5s
#6 sha256:7478e0ac0f23f94b2f27848fbcdf804a670fbf8d4bab26df842d40a10cd33059 30.44MB / 30.44MB 1.5s done
#6 sha256:c148946d84752e19a1dc1575d304b403ca8bfb5cb0d230d5cbb6e4492ea68d5b 38.80MB / 43.38MB 1.6s
#6 sha256:bab4df8c200f2522e351e1a8b60c655e05a14abe1421bca075980fbb865a245f 0B / 616.73MB 1.6s
#6 sha256:95e2718619a9cdadbf6a0a16111c5e51d30c039f93494732adc43f88653004b0 35.65MB / 75.50MB 1.7s
#6 sha256:c148946d84752e19a1dc1575d304b403ca8bfb5cb0d230d5cbb6e4492ea68d5b 43.38MB / 43.38MB 1.8s
#6 extracting sha256:7478e0ac0f23f94b2f27848fbcdf804a670fbf8d4bab26df842d40a10cd33059 0.1s
#6 sha256:c148946d84752e19a1dc1575d304b403ca8bfb5cb0d230d5cbb6e4492ea68d5b 43.38MB / 43.38MB 1.9s done
#6 sha256:95e2718619a9cdadbf6a0a16111c5e51d30c039f93494732adc43f88653004b0 39.57MB / 75.50MB 1.9s
#6 sha256:95e2718619a9cdadbf6a0a16111c5e51d30c039f93494732adc43f88653004b0 47.19MB / 75.50MB 2.1s
#6 sha256:95e2718619a9cdadbf6a0a16111c5e51d30c039f93494732adc43f88653004b0 51.38MB / 75.50MB 2.2s
#6 sha256:95e2718619a9cdadbf6a0a16111c5e51d30c039f93494732adc43f88653004b0 60.72MB / 75.50MB 2.5s
#6 sha256:95e2718619a9cdadbf6a0a16111c5e51d30c039f93494732adc43f88653004b0 70.25MB / 75.50MB 2.8s
#6 sha256:bab4df8c200f2522e351e1a8b60c655e05a14abe1421bca075980fbb865a245f 35.90MB / 616.73MB 2.8s
#6 sha256:95e2718619a9cdadbf6a0a16111c5e51d30c039f93494732adc43f88653004b0 74.41MB / 75.50MB 2.9s
#6 sha256:95e2718619a9cdadbf6a0a16111c5e51d30c039f93494732adc43f88653004b0 75.50MB / 75.50MB 3.2s done
#6 sha256:bab4df8c200f2522e351e1a8b60c655e05a14abe1421bca075980fbb865a245f 71.30MB / 616.73MB 3.9s
#6 extracting sha256:7478e0ac0f23f94b2f27848fbcdf804a670fbf8d4bab26df842d40a10cd33059 3.1s done
#6 sha256:bab4df8c200f2522e351e1a8b60c655e05a14abe1421bca075980fbb865a245f 109.05MB / 616.73MB 5.0s
#6 sha256:bab4df8c200f2522e351e1a8b60c655e05a14abe1421bca075980fbb865a245f 144.70MB / 616.73MB 6.1s
#6 extracting sha256:c148946d84752e19a1dc1575d304b403ca8bfb5cb0d230d5cbb6e4492ea68d5b
#6 sha256:bab4df8c200f2522e351e1a8b60c655e05a14abe1421bca075980fbb865a245f 178.26MB / 616.73MB 7.3s
#6 sha256:bab4df8c200f2522e351e1a8b60c655e05a14abe1421bca075980fbb865a245f 210.45MB / 616.73MB 8.4s
#6 sha256:bab4df8c200f2522e351e1a8b60c655e05a14abe1421bca075980fbb865a245f 242.22MB / 616.73MB 9.3s
#6 sha256:bab4df8c200f2522e351e1a8b60c655e05a14abe1421bca075980fbb865a245f 276.82MB / 616.73MB 10.2s
#6 sha256:bab4df8c200f2522e351e1a8b60c655e05a14abe1421bca075980fbb865a245f 307.76MB / 616.73MB 11.0s
#6 sha256:bab4df8c200f2522e351e1a8b60c655e05a14abe1421bca075980fbb865a245f 341.84MB / 616.73MB 11.9s
#6 extracting sha256:c148946d84752e19a1dc1575d304b403ca8bfb5cb0d230d5cbb6e4492ea68d5b 5.2s
#6 extracting sha256:c148946d84752e19a1dc1575d304b403ca8bfb5cb0d230d5cbb6e4492ea68d5b 5.5s done
#6 sha256:bab4df8c200f2522e351e1a8b60c655e05a14abe1421bca075980fbb865a245f 373.29MB / 616.73MB 13.0s
#6 sha256:bab4df8c200f2522e351e1a8b60c655e05a14abe1421bca075980fbb865a245f 405.80MB / 616.73MB 14.0s
#6 sha256:bab4df8c200f2522e351e1a8b60c655e05a14abe1421bca075980fbb865a245f 439.35MB / 616.73MB 14.9s
#6 sha256:bab4df8c200f2522e351e1a8b60c655e05a14abe1421bca075980fbb865a245f 471.86MB / 616.73MB 15.9s
#6 extracting sha256:95e2718619a9cdadbf6a0a16111c5e51d30c039f93494732adc43f88653004b0 0.1s
#6 sha256:bab4df8c200f2522e351e1a8b60c655e05a14abe1421bca075980fbb865a245f 504.37MB / 616.73MB 16.7s
#6 extracting sha256:95e2718619a9cdadbf6a0a16111c5e51d30c039f93494732adc43f88653004b0 1.4s done
#6 sha256:bab4df8c200f2522e351e1a8b60c655e05a14abe1421bca075980fbb865a245f 538.97MB / 616.73MB 18.7s
#6 sha256:bab4df8c200f2522e351e1a8b60c655e05a14abe1421bca075980fbb865a245f 571.47MB / 616.73MB 19.5s
#6 sha256:bab4df8c200f2522e351e1a8b60c655e05a14abe1421bca075980fbb865a245f 606.08MB / 616.73MB 20.4s
#6 sha256:bab4df8c200f2522e351e1a8b60c655e05a14abe1421bca075980fbb865a245f 616.73MB / 616.73MB 20.9s done
#6 extracting sha256:bab4df8c200f2522e351e1a8b60c655e05a14abe1421bca075980fbb865a245f
#6 extracting sha256:bab4df8c200f2522e351e1a8b60c655e05a14abe1421bca075980fbb865a245f 5.0s
#6 extracting sha256:bab4df8c200f2522e351e1a8b60c655e05a14abe1421bca075980fbb865a245f 10.1s
#6 extracting sha256:bab4df8c200f2522e351e1a8b60c655e05a14abe1421bca075980fbb865a245f 15.2s
#6 extracting sha256:bab4df8c200f2522e351e1a8b60c655e05a14abe1421bca075980fbb865a245f 20.3s
#6 extracting sha256:bab4df8c200f2522e351e1a8b60c655e05a14abe1421bca075980fbb865a245f 25.4s
#6 extracting sha256:bab4df8c200f2522e351e1a8b60c655e05a14abe1421bca075980fbb865a245f 30.7s
#6 extracting sha256:bab4df8c200f2522e351e1a8b60c655e05a14abe1421bca075980fbb865a245f 33.4s done
#6 DONE 59.3s

#8 [ 2/12] WORKDIR /app
#8 DONE 13.9s

#9 [ 3/12] RUN curl -fsSL https://deb.nodesource.com/setup_20.x | bash - &&     apt-get install -y nodejs &&     node --version &&     npm --version
#9 16.79 [38;5;79m2026-01-15 23:30:21 - Installing pre-requisites[0m
#9 16.80
#9 16.80 WARNING: apt does not have a stable CLI interface. Use with caution in scripts.
#9 16.80
#9 17.08 Get:1 http://archive.ubuntu.com/ubuntu jammy InRelease [270 kB]
#9 17.10 Get:2 http://security.ubuntu.com/ubuntu jammy-security InRelease [129 kB]
#9 17.71 Get:3 http://archive.ubuntu.com/ubuntu jammy-updates InRelease [128 kB]
#9 17.82 Get:4 http://security.ubuntu.com/ubuntu jammy-security/restricted amd64 Packages [6205 kB]
#9 17.86 Get:5 http://archive.ubuntu.com/ubuntu jammy-backports InRelease [127 kB]
#9 18.01 Get:6 http://archive.ubuntu.com/ubuntu jammy/multiverse amd64 Packages [266 kB]
#9 18.11 Get:7 http://archive.ubuntu.com/ubuntu jammy/universe amd64 Packages [17.5 MB]
#9 18.82 Get:8 http://security.ubuntu.com/ubuntu jammy-security/universe amd64 Packages [1289 kB]
#9 18.85 Get:9 http://security.ubuntu.com/ubuntu jammy-security/multiverse amd64 Packages [60.9 kB]
#9 18.85 Get:10 http://security.ubuntu.com/ubuntu jammy-security/main amd64 Packages [3637 kB]
#9 18.89 Get:11 http://archive.ubuntu.com/ubuntu jammy/main amd64 Packages [1792 kB]
#9 18.94 Get:12 http://archive.ubuntu.com/ubuntu jammy/restricted amd64 Packages [164 kB]
#9 18.94 Get:13 http://archive.ubuntu.com/ubuntu jammy-updates/main amd64 Packages [3968 kB]
#9 19.04 Get:14 http://archive.ubuntu.com/ubuntu jammy-updates/multiverse amd64 Packages [69.2 kB]
#9 19.04 Get:15 http://archive.ubuntu.com/ubuntu jammy-updates/universe amd64 Packages [1600 kB]
#9 19.11 Get:16 http://archive.ubuntu.com/ubuntu jammy-updates/restricted amd64 Packages [6411 kB]
#9 19.28 Get:17 http://archive.ubuntu.com/ubuntu jammy-backports/universe amd64 Packages [37.2 kB]
#9 19.28 Get:18 http://archive.ubuntu.com/ubuntu jammy-backports/main amd64 Packages [83.9 kB]
#9 21.57 Fetched 43.7 MB in 5s (9214 kB/s)
#9 21.57 Reading package lists...
#9 23.26 Building dependency tree...
#9 23.56 Reading state information...
#9 23.58 100 packages can be upgraded. Run 'apt list --upgradable' to see them.
#9 23.59
#9 23.59 WARNING: apt does not have a stable CLI interface. Use with caution in scripts.
#9 23.59
#9 23.64 Reading package lists...
#9 25.12 Building dependency tree...
#9 25.42 Reading state information...
#9 25.66 ca-certificates is already the newest version (20240203~22.04.1).
#9 25.66 ca-certificates set to manually installed.
#9 25.66 The following additional packages will be installed:
#9 25.66   dirmngr gnupg-l10n gnupg-utils gpg gpg-agent gpg-wks-client gpg-wks-server
#9 25.67   gpgconf gpgsm gpgv libcurl4 libksba8 libnpth0 pinentry-curses
#9 25.67 Suggested packages:
#9 25.67   pinentry-gnome3 tor parcimonie xloadimage scdaemon pinentry-doc
#9 25.71 The following NEW packages will be installed:
#9 25.71   apt-transport-https dirmngr gnupg gnupg-l10n gnupg-utils gpg-agent
#9 25.71   gpg-wks-client gpg-wks-server gpgsm libksba8 libnpth0 pinentry-curses
#9 25.72 The following packages will be upgraded:
#9 25.72   curl gpg gpgconf gpgv libcurl4
#9 25.80 5 upgraded, 12 newly installed, 0 to remove and 95 not upgraded.
#9 25.80 Need to get 2895 kB of archives.
#9 25.80 After this operation, 4460 kB of additional disk space will be used.
#9 25.80 Get:1 http://archive.ubuntu.com/ubuntu jammy-updates/main amd64 gpgv amd64 2.2.27-3ubuntu2.5 [137 kB]
#9 25.95 Get:2 http://archive.ubuntu.com/ubuntu jammy-updates/universe amd64 apt-transport-https all 2.4.14 [1510 B]
#9 25.95 Get:3 http://archive.ubuntu.com/ubuntu jammy-updates/main amd64 curl amd64 7.81.0-1ubuntu1.21 [194 kB]
#9 25.99 Get:4 http://archive.ubuntu.com/ubuntu jammy-updates/main amd64 libcurl4 amd64 7.81.0-1ubuntu1.21 [290 kB]
#9 26.03 Get:5 http://archive.ubuntu.com/ubuntu jammy-updates/main amd64 gpg amd64 2.2.27-3ubuntu2.5 [519 kB]
#9 26.07 Get:6 http://archive.ubuntu.com/ubuntu jammy-updates/main amd64 gpgconf amd64 2.2.27-3ubuntu2.5 [94.3 kB]
#9 26.07 Get:7 http://archive.ubuntu.com/ubuntu jammy-updates/main amd64 libksba8 amd64 1.6.0-2ubuntu0.2 [119 kB]
#9 26.07 Get:8 http://archive.ubuntu.com/ubuntu jammy/main amd64 libnpth0 amd64 1.6-3build2 [8664 B]
#9 26.07 Get:9 http://archive.ubuntu.com/ubuntu jammy-updates/main amd64 dirmngr amd64 2.2.27-3ubuntu2.5 [293 kB]
#9 26.08 Get:10 http://archive.ubuntu.com/ubuntu jammy-updates/main amd64 gnupg-l10n all 2.2.27-3ubuntu2.5 [54.5 kB]
#9 26.08 Get:11 http://archive.ubuntu.com/ubuntu jammy-updates/main amd64 gnupg-utils amd64 2.2.27-3ubuntu2.5 [309 kB]
#9 26.09 Get:12 http://archive.ubuntu.com/ubuntu jammy/main amd64 pinentry-curses amd64 1.1.1-1build2 [34.4 kB]
#9 26.09 Get:13 http://archive.ubuntu.com/ubuntu jammy-updates/main amd64 gpg-agent amd64 2.2.27-3ubuntu2.5 [209 kB]
#9 26.10 Get:14 http://archive.ubuntu.com/ubuntu jammy-updates/main amd64 gpg-wks-client amd64 2.2.27-3ubuntu2.5 [62.7 kB]
#9 26.11 Get:15 http://archive.ubuntu.com/ubuntu jammy-updates/main amd64 gpg-wks-server amd64 2.2.27-3ubuntu2.5 [57.6 kB]
#9 26.12 Get:16 http://archive.ubuntu.com/ubuntu jammy-updates/main amd64 gpgsm amd64 2.2.27-3ubuntu2.5 [197 kB]
#9 26.12 Get:17 http://archive.ubuntu.com/ubuntu jammy-updates/main amd64 gnupg all 2.2.27-3ubuntu2.5 [315 kB]
#9 26.31 debconf: delaying package configuration, since apt-utils is not installed
#9 26.35 Fetched 2895 kB in 0s (7281 kB/s)
#9 26.37 (Reading database ... (Reading database ... 5%(Reading database ... 10%(Reading database ... 15%(Reading database ... 20%(Reading database ... 25%(Reading database ... 30%(Reading database ... 35%(Reading database ... 40%(Reading database ... 45%(Reading database ... 50%(Reading database ... 55%(Reading database ... 60%(Reading database ... 65%(Reading database ... 70%(Reading database ... 75%(Reading database ... 80%(Reading database ... 85%(Reading database ... 90%(Reading database ... 95%(Reading database ... 100%(Reading database ... 28995 files and directories currently installed.)
#9 26.39 Preparing to unpack .../gpgv_2.2.27-3ubuntu2.5_amd64.deb ...
#9 26.39 Unpacking gpgv (2.2.27-3ubuntu2.5) over (2.2.27-3ubuntu2.1) ...
#9 26.43 Setting up gpgv (2.2.27-3ubuntu2.5) ...
#9 26.47 Selecting previously unselected package apt-transport-https.
#9 26.47 (Reading database ... (Reading database ... 5%(Reading database ... 10%(Reading database ... 15%(Reading database ... 20%(Reading database ... 25%(Reading database ... 30%(Reading database ... 35%(Reading database ... 40%(Reading database ... 45%(Reading database ... 50%(Reading database ... 55%(Reading database ... 60%(Reading database ... 65%(Reading database ... 70%(Reading database ... 75%(Reading database ... 80%(Reading database ... 85%(Reading database ... 90%(Reading database ... 95%(Reading database ... 100%(Reading database ... 28995 files and directories currently installed.)
#9 26.48 Preparing to unpack .../00-apt-transport-https_2.4.14_all.deb ...
#9 26.49 Unpacking apt-transport-https (2.4.14) ...
#9 26.51 Preparing to unpack .../01-curl_7.81.0-1ubuntu1.21_amd64.deb ...
#9 26.52 Unpacking curl (7.81.0-1ubuntu1.21) over (7.81.0-1ubuntu1.18) ...
#9 26.55 Preparing to unpack .../02-libcurl4_7.81.0-1ubuntu1.21_amd64.deb ...
#9 26.55 Unpacking libcurl4:amd64 (7.81.0-1ubuntu1.21) over (7.81.0-1ubuntu1.18) ...
#9 26.59 Preparing to unpack .../03-gpg_2.2.27-3ubuntu2.5_amd64.deb ...
#9 26.59 Unpacking gpg (2.2.27-3ubuntu2.5) over (2.2.27-3ubuntu2.1) ...
#9 26.64 Preparing to unpack .../04-gpgconf_2.2.27-3ubuntu2.5_amd64.deb ...
#9 26.64 Unpacking gpgconf (2.2.27-3ubuntu2.5) over (2.2.27-3ubuntu2.1) ...
#9 26.67 Selecting previously unselected package libksba8:amd64.
#9 26.67 Preparing to unpack .../05-libksba8_1.6.0-2ubuntu0.2_amd64.deb ...
#9 26.67 Unpacking libksba8:amd64 (1.6.0-2ubuntu0.2) ...
#9 26.70 Selecting previously unselected package libnpth0:amd64.
#9 26.70 Preparing to unpack .../06-libnpth0_1.6-3build2_amd64.deb ...
#9 26.70 Unpacking libnpth0:amd64 (1.6-3build2) ...
#9 26.73 Selecting previously unselected package dirmngr.
#9 26.73 Preparing to unpack .../07-dirmngr_2.2.27-3ubuntu2.5_amd64.deb ...
#9 26.76 Unpacking dirmngr (2.2.27-3ubuntu2.5) ...
#9 26.78 Selecting previously unselected package gnupg-l10n.
#9 26.78 Preparing to unpack .../08-gnupg-l10n_2.2.27-3ubuntu2.5_all.deb ...
#9 26.79 Unpacking gnupg-l10n (2.2.27-3ubuntu2.5) ...
#9 26.82 Selecting previously unselected package gnupg-utils.
#9 26.82 Preparing to unpack .../09-gnupg-utils_2.2.27-3ubuntu2.5_amd64.deb ...
#9 26.83 Unpacking gnupg-utils (2.2.27-3ubuntu2.5) ...
#9 26.86 Selecting previously unselected package pinentry-curses.
#9 26.86 Preparing to unpack .../10-pinentry-curses_1.1.1-1build2_amd64.deb ...
#9 26.86 Unpacking pinentry-curses (1.1.1-1build2) ...
#9 26.89 Selecting previously unselected package gpg-agent.
#9 26.89 Preparing to unpack .../11-gpg-agent_2.2.27-3ubuntu2.5_amd64.deb ...
#9 26.89 Unpacking gpg-agent (2.2.27-3ubuntu2.5) ...
#9 26.92 Selecting previously unselected package gpg-wks-client.
#9 26.92 Preparing to unpack .../12-gpg-wks-client_2.2.27-3ubuntu2.5_amd64.deb ...
#9 26.92 Unpacking gpg-wks-client (2.2.27-3ubuntu2.5) ...
#9 26.95 Selecting previously unselected package gpg-wks-server.
#9 26.95 Preparing to unpack .../13-gpg-wks-server_2.2.27-3ubuntu2.5_amd64.deb ...
#9 26.95 Unpacking gpg-wks-server (2.2.27-3ubuntu2.5) ...
#9 26.97 Selecting previously unselected package gpgsm.
#9 26.98 Preparing to unpack .../14-gpgsm_2.2.27-3ubuntu2.5_amd64.deb ...
#9 26.98 Unpacking gpgsm (2.2.27-3ubuntu2.5) ...
#9 27.00 Selecting previously unselected package gnupg.
#9 27.01 Preparing to unpack .../15-gnupg_2.2.27-3ubuntu2.5_all.deb ...
#9 27.01 Unpacking gnupg (2.2.27-3ubuntu2.5) ...
#9 27.05 Setting up libksba8:amd64 (1.6.0-2ubuntu0.2) ...
#9 27.05 Setting up pinentry-curses (1.1.1-1build2) ...
#9 27.06 Setting up apt-transport-https (2.4.14) ...
#9 27.07 Setting up libnpth0:amd64 (1.6-3build2) ...
#9 27.07 Setting up gnupg-l10n (2.2.27-3ubuntu2.5) ...
#9 27.08 Setting up gpgconf (2.2.27-3ubuntu2.5) ...
#9 27.08 Setting up libcurl4:amd64 (7.81.0-1ubuntu1.21) ...
#9 27.09 Setting up curl (7.81.0-1ubuntu1.21) ...
#9 27.09 Setting up gpg (2.2.27-3ubuntu2.5) ...
#9 27.10 Setting up gnupg-utils (2.2.27-3ubuntu2.5) ...
#9 27.10 Setting up gpg-agent (2.2.27-3ubuntu2.5) ...
#9 27.26 Created symlink /etc/systemd/user/sockets.target.wants/gpg-agent-browser.socket â†’ /usr/lib/systemd/user/gpg-agent-browser.socket.
#9 27.41 Created symlink /etc/systemd/user/sockets.target.wants/gpg-agent-extra.socket â†’ /usr/lib/systemd/user/gpg-agent-extra.socket.
#9 27.57 Created symlink /etc/systemd/user/sockets.target.wants/gpg-agent-ssh.socket â†’ /usr/lib/systemd/user/gpg-agent-ssh.socket.
#9 27.73 Created symlink /etc/systemd/user/sockets.target.wants/gpg-agent.socket â†’ /usr/lib/systemd/user/gpg-agent.socket.
#9 27.73 Setting up gpgsm (2.2.27-3ubuntu2.5) ...
#9 27.74 Setting up dirmngr (2.2.27-3ubuntu2.5) ...
#9 27.93 Created symlink /etc/systemd/user/sockets.target.wants/dirmngr.socket â†’ /usr/lib/systemd/user/dirmngr.socket.
#9 27.95 Setting up gpg-wks-server (2.2.27-3ubuntu2.5) ...
#9 27.96 Setting up gpg-wks-client (2.2.27-3ubuntu2.5) ...
#9 27.96 Setting up gnupg (2.2.27-3ubuntu2.5) ...
#9 27.97 Processing triggers for libc-bin (2.35-0ubuntu3.8) ...
#9 28.19
#9 28.19 WARNING: apt does not have a stable CLI interface. Use with caution in scripts.
#9 28.19
#9 28.35 Hit:1 http://archive.ubuntu.com/ubuntu jammy InRelease
#9 28.37 Hit:2 http://archive.ubuntu.com/ubuntu jammy-updates InRelease
#9 28.38 Get:3 https://deb.nodesource.com/node_20.x nodistro InRelease [12.1 kB]
#9 28.40 Hit:4 http://archive.ubuntu.com/ubuntu jammy-backports InRelease
#9 28.49 Hit:5 http://security.ubuntu.com/ubuntu jammy-security InRelease
#9 28.71 Get:6 https://deb.nodesource.com/node_20.x nodistro/main amd64 Packages [13.6 kB]
#9 28.94 Fetched 25.8 kB in 1s (37.5 kB/s)
#9 28.94 Reading package lists...
#9 30.39 Building dependency tree...
#9 30.73 Reading state information...
#9 30.76 95 packages can be upgraded. Run 'apt list --upgradable' to see them.
#9 30.76 [1;34m2026-01-15 23:30:34 - Repository configured successfully.[0m
#9 30.76 [38;5;79m2026-01-15 23:30:34 - To install Node.js, run: apt install nodejs -y[0m
#9 30.77 [38;5;79m2026-01-15 23:30:34 - You can use N|solid Runtime as a node.js alternative[0m
#9 30.77 [1;32m2026-01-15 23:30:34 - To install N|solid Runtime, run: apt install nsolid -y
#9 30.77 [0m
#9 30.82 Reading package lists...
#9 32.39 Building dependency tree...
#9 32.70 Reading state information...
#9 33.06 The following NEW packages will be installed:
#9 33.06   nodejs
#9 33.27 0 upgraded, 1 newly installed, 0 to remove and 95 not upgraded.
#9 33.27 Need to get 32.0 MB of archives.
#9 33.27 After this operation, 197 MB of additional disk space will be used.
#9 33.27 Get:1 https://deb.nodesource.com/node_20.x nodistro/main amd64 nodejs amd64 20.20.0-1nodesource1 [32.0 MB]
#9 34.24 debconf: delaying package configuration, since apt-utils is not installed
#9 34.28 Fetched 32.0 MB in 1s (34.4 MB/s)
#9 34.32 Selecting previously unselected package nodejs.
#9 34.32 (Reading database ... (Reading database ... 5%(Reading database ... 10%(Reading database ... 15%(Reading database ... 20%(Reading database ... 25%(Reading database ... 30%(Reading database ... 35%(Reading database ... 40%(Reading database ... 45%(Reading database ... 50%(Reading database ... 55%(Reading database ... 60%(Reading database ... 65%(Reading database ... 70%(Reading database ... 75%(Reading database ... 80%(Reading database ... 85%(Reading database ... 90%(Reading database ... 95%(Reading database ... 100%(Reading database ... 29184 files and directories currently installed.)
#9 34.34 Preparing to unpack .../nodejs_20.20.0-1nodesource1_amd64.deb ...
#9 34.34 Unpacking nodejs (20.20.0-1nodesource1) ...
#9 39.11 Setting up nodejs (20.20.0-1nodesource1) ...
#9 39.17 v20.20.0
#9 39.34 10.8.2
#9 DONE 39.4s

#10 [ 4/12] COPY package.json package-lock.json ./
#10 DONE 8.1s

#11 [ 5/12] COPY scripts ./scripts
#11 DONE 8.0s

#12 [ 6/12] RUN npm ci
#12 12.85 npm warn deprecated sourcemap-codec@1.4.8: Please use @jridgewell/sourcemap-codec instead
#12 14.07 npm warn deprecated source-map@0.8.0-beta.0: The work that was done in this beta branch won't be included in future versions
#12 16.00 npm warn deprecated @types/uuid@11.0.0: This is a stub types definition. uuid provides its own type definitions, so you do not need this installed.
#12 16.05 npm warn deprecated @types/jszip@3.4.1: This is a stub types definition. jszip provides its own type definitions, so you do not need this installed.
#12 16.17 npm warn deprecated @types/localforage@0.0.34: This is a stub types definition for localforage (https://github.com/localForage/localForage). localforage provides its own type definitions, so you don't need @types/localforage installed!
#12 16.17 npm warn deprecated @types/dompurify@3.2.0: This is a stub types definition. dompurify provides its own type definitions, so you do not need this installed.
#12 16.36 npm warn deprecated @xmldom/xmldom@0.7.13: this version is no longer supported, please update to at least 0.8.*
#12 138.6
#12 138.6 > versicle@0.0.0 postinstall
#12 138.6 > npm run prepare-piper
#12 138.6
#12 138.8
#12 138.8 > versicle@0.0.0 prepare-piper
#12 138.8 > mkdir -p public/piper && cp node_modules/piper-wasm/build/piper_phonemize.js public/piper/ && cp node_modules/piper-wasm/build/piper_phonemize.wasm public/piper/ && cp node_modules/piper-wasm/build/piper_phonemize.data public/piper/ && cp node_modules/piper-wasm/build/worker/piper_worker.js public/piper/ && node scripts/patch_piper_worker.js
#12 138.8
#12 138.9 Applied config patch.
#12 138.9 Applied sanitize patch.
#12 138.9 Applied global error handlers patch.
#12 138.9 Applied PCM2WAV docs patch.
#12 138.9 Applied listener try-catch patch.
#12 138.9 Applied init try-catch patch.
#12 138.9 piper_worker.js updated.
#12 138.9
#12 138.9 added 873 packages, and audited 874 packages in 2m
#12 138.9
#12 138.9 184 packages are looking for funding
#12 138.9   run `npm fund` for details
#12 140.1
#12 140.1 12 vulnerabilities (11 moderate, 1 high)
#12 140.1
#12 140.1 To address issues that do not require attention, run:
#12 140.1   npm audit fix
#12 140.1
#12 140.1 To address all issues (including breaking changes), run:
#12 140.1   npm audit fix --force
#12 140.1
#12 140.1 Run `npm audit` for details.
#12 140.1 npm notice
#12 140.1 npm notice New major version of npm available! 10.8.2 -> 11.7.0
#12 140.1 npm notice Changelog: https://github.com/npm/cli/releases/tag/v11.7.0
#12 140.1 npm notice To update run: npm install -g npm@11.7.0
#12 140.1 npm notice
#12 DONE 140.2s

#13 [ 7/12] RUN pip install pytest pytest-playwright pytest-xdist playwright==1.48.0
#13 19.57 Collecting pytest
#13 19.61   Downloading pytest-9.0.2-py3-none-any.whl.metadata (7.6 kB)
#13 19.67 Collecting pytest-playwright
#13 19.69   Downloading pytest_playwright-0.7.2-py3-none-any.whl.metadata (14 kB)
#13 19.74 Collecting pytest-xdist
#13 19.76   Downloading pytest_xdist-3.8.0-py3-none-any.whl.metadata (3.0 kB)
#13 19.85 Collecting playwright==1.48.0
#13 19.86   Downloading playwright-1.48.0-py3-none-manylinux1_x86_64.whl.metadata (3.5 kB)
#13 20.10 Collecting greenlet==3.1.1 (from playwright==1.48.0)
#13 20.11   Using cached greenlet-3.1.1-cp310-cp310-manylinux_2_24_x86_64.manylinux_2_28_x86_64.whl.metadata (3.8 kB)
#13 20.14 Collecting pyee==12.0.0 (from playwright==1.48.0)
#13 20.14   Using cached pyee-12.0.0-py3-none-any.whl.metadata (2.8 kB)
#13 20.19 Collecting typing-extensions (from pyee==12.0.0->playwright==1.48.0)
#13 20.21   Downloading typing_extensions-4.15.0-py3-none-any.whl.metadata (3.3 kB)
#13 20.24 Collecting exceptiongroup>=1 (from pytest)
#13 20.26   Downloading exceptiongroup-1.3.1-py3-none-any.whl.metadata (6.7 kB)
#13 20.28 Collecting iniconfig>=1.0.1 (from pytest)
#13 20.30   Downloading iniconfig-2.3.0-py3-none-any.whl.metadata (2.5 kB)
#13 20.34 Collecting packaging>=22 (from pytest)
#13 20.36   Downloading packaging-25.0-py3-none-any.whl.metadata (3.3 kB)
#13 20.39 Collecting pluggy<2,>=1.5 (from pytest)
#13 20.41   Downloading pluggy-1.6.0-py3-none-any.whl.metadata (4.8 kB)
#13 20.46 Collecting pygments>=2.7.2 (from pytest)
#13 20.47   Downloading pygments-2.19.2-py3-none-any.whl.metadata (2.5 kB)
#13 20.52 Collecting tomli>=1 (from pytest)
#13 20.53   Downloading tomli-2.4.0-py3-none-any.whl.metadata (10 kB)
#13 20.59 Collecting pytest-base-url<3.0.0,>=1.0.0 (from pytest-playwright)
#13 20.60   Downloading pytest_base_url-2.1.0-py3-none-any.whl.metadata (6.6 kB)
#13 20.64 Collecting python-slugify<9.0.0,>=6.0.0 (from pytest-playwright)
#13 20.66   Downloading python_slugify-8.0.4-py2.py3-none-any.whl.metadata (8.5 kB)
#13 20.70 Collecting execnet>=2.1 (from pytest-xdist)
#13 20.71   Downloading execnet-2.1.2-py3-none-any.whl.metadata (2.9 kB)
#13 20.80 Collecting requests>=2.9 (from pytest-base-url<3.0.0,>=1.0.0->pytest-playwright)
#13 20.82   Downloading requests-2.32.5-py3-none-any.whl.metadata (4.9 kB)
#13 20.86 Collecting text-unidecode>=1.3 (from python-slugify<9.0.0,>=6.0.0->pytest-playwright)
#13 20.88   Downloading text_unidecode-1.3-py2.py3-none-any.whl.metadata (2.4 kB)
#13 21.23 Collecting charset_normalizer<4,>=2 (from requests>=2.9->pytest-base-url<3.0.0,>=1.0.0->pytest-playwright)
#13 21.25   Downloading charset_normalizer-3.4.4-cp310-cp310-manylinux2014_x86_64.manylinux_2_17_x86_64.manylinux_2_28_x86_64.whl.metadata (37 kB)
#13 21.30 Collecting idna<4,>=2.5 (from requests>=2.9->pytest-base-url<3.0.0,>=1.0.0->pytest-playwright)
#13 21.32   Downloading idna-3.11-py3-none-any.whl.metadata (8.4 kB)
#13 21.42 Collecting urllib3<3,>=1.21.1 (from requests>=2.9->pytest-base-url<3.0.0,>=1.0.0->pytest-playwright)
#13 21.43   Downloading urllib3-2.6.3-py3-none-any.whl.metadata (6.9 kB)
#13 21.49 Collecting certifi>=2017.4.17 (from requests>=2.9->pytest-base-url<3.0.0,>=1.0.0->pytest-playwright)
#13 21.51   Downloading certifi-2026.1.4-py3-none-any.whl.metadata (2.5 kB)
#13 21.55 Downloading playwright-1.48.0-py3-none-manylinux1_x86_64.whl (38.2 MB)
#13 22.60    â”â”â”â”â”â”â”â”â”â”â”â”â”â”â”â”â”â”â”â”â”â”â”â”â”â”â”â”â”â”â”â”â”â”â”â”â”â”â”â” 38.2/38.2 MB 37.0 MB/s eta 0:00:00
#13 22.61 Using cached greenlet-3.1.1-cp310-cp310-manylinux_2_24_x86_64.manylinux_2_28_x86_64.whl (599 kB)
#13 22.61 Using cached pyee-12.0.0-py3-none-any.whl (14 kB)
#13 22.62 Downloading pytest-9.0.2-py3-none-any.whl (374 kB)
#13 22.65 Downloading pytest_playwright-0.7.2-py3-none-any.whl (16 kB)
#13 22.67 Downloading pytest_xdist-3.8.0-py3-none-any.whl (46 kB)
#13 22.69 Downloading exceptiongroup-1.3.1-py3-none-any.whl (16 kB)
#13 22.71 Downloading execnet-2.1.2-py3-none-any.whl (40 kB)
#13 22.73 Downloading iniconfig-2.3.0-py3-none-any.whl (7.5 kB)
#13 22.75 Downloading packaging-25.0-py3-none-any.whl (66 kB)
#13 22.77 Downloading pluggy-1.6.0-py3-none-any.whl (20 kB)
#13 22.80 Downloading pygments-2.19.2-py3-none-any.whl (1.2 MB)
#13 22.82    â”â”â”â”â”â”â”â”â”â”â”â”â”â”â”â”â”â”â”â”â”â”â”â”â”â”â”â”â”â”â”â”â”â”â”â”â”â”â”â” 1.2/1.2 MB 59.0 MB/s eta 0:00:00
#13 22.84 Downloading pytest_base_url-2.1.0-py3-none-any.whl (5.3 kB)
#13 22.85 Downloading python_slugify-8.0.4-py2.py3-none-any.whl (10 kB)
#13 22.88 Downloading tomli-2.4.0-py3-none-any.whl (14 kB)
#13 22.91 Downloading requests-2.32.5-py3-none-any.whl (64 kB)
#13 22.94 Downloading text_unidecode-1.3-py2.py3-none-any.whl (78 kB)
#13 22.98 Downloading typing_extensions-4.15.0-py3-none-any.whl (44 kB)
#13 23.01 Downloading certifi-2026.1.4-py3-none-any.whl (152 kB)
#13 23.03 Downloading charset_normalizer-3.4.4-cp310-cp310-manylinux2014_x86_64.manylinux_2_17_x86_64.manylinux_2_28_x86_64.whl (153 kB)
#13 23.05 Downloading idna-3.11-py3-none-any.whl (71 kB)
#13 23.07 Downloading urllib3-2.6.3-py3-none-any.whl (131 kB)
#13 23.32 Installing collected packages: text-unidecode, urllib3, typing-extensions, tomli, python-slugify, pygments, pluggy, packaging, iniconfig, idna, greenlet, execnet, charset_normalizer, certifi, requests, pyee, exceptiongroup, pytest, playwright, pytest-xdist, pytest-base-url, pytest-playwright
#13 26.30 Successfully installed certifi-2026.1.4 charset_normalizer-3.4.4 exceptiongroup-1.3.1 execnet-2.1.2 greenlet-3.1.1 idna-3.11 iniconfig-2.3.0 packaging-25.0 playwright-1.48.0 pluggy-1.6.0 pyee-12.0.0 pygments-2.19.2 pytest-9.0.2 pytest-base-url-2.1.0 pytest-playwright-0.7.2 pytest-xdist-3.8.0 python-slugify-8.0.4 requests-2.32.5 text-unidecode-1.3 tomli-2.4.0 typing-extensions-4.15.0 urllib3-2.6.3
#13 26.30 WARNING: Running pip as the 'root' user can result in broken permissions and conflicting behaviour with the system package manager, possibly rendering your system unusable.It is recommended to use a virtual environment instead: https://pip.pypa.io/warnings/venv. Use the --root-user-action option if you know what you are doing and want to suppress this warning.
#13 26.57
#13 26.57 [notice] A new release of pip is available: 24.2 -> 25.3
#13 26.57 [notice] To update, run: python -m pip install --upgrade pip
#13 DONE 26.8s

#14 [ 8/12] RUN playwright install
#14 DONE 14.6s

#15 [ 9/12] COPY . .
#15 DONE 10.9s

#16 [10/12] RUN npm run build
#16 14.12
#16 14.12 > versicle@0.0.0 build
#16 14.12 > tsc -b && vite build
#16 14.12
#16 23.92 src/components/reader/ReaderView.tsx(348,82): error TS2304: Cannot find name 'panicSaveState'.
#16 ERROR: process "/bin/sh -c npm run build" did not complete successfully: exit code: 2
------
 > [10/12] RUN npm run build:
14.12
14.12 > versicle@0.0.0 build
14.12 > tsc -b && vite build
14.12
23.92 src/components/reader/ReaderView.tsx(348,82): error TS2304: Cannot find name 'panicSaveState'.
------
Dockerfile.verification:30
--------------------
  28 |
  29 |     # 4. Build the App
  30 | >>> RUN npm run build
  31 |
  32 |     # 5. Set Entrypoint
--------------------
ERROR: failed to build: failed to solve: process "/bin/sh -c npm run build" did not complete successfully: exit code: 2
